<?xml version="1.0" encoding="UTF-8"?>
<testsuite name="test_transfer_request_tests.TestTransferRequestTest-20250425095048" tests="4" file="test_transfer_request_tests.py" time="0.313" timestamp="2025-04-25T09:50:49" failures="0" errors="0" skipped="0">
	<testcase classname="test_transfer_request_tests.TestTransferRequestTest" name="test_duplicated_transfer_test" time="0.012" timestamp="2025-04-25T09:50:48"/>
	<testcase classname="test_transfer_request_tests.TestTransferRequestTest" name="test_parametrized_cases_tests" time="0.284" timestamp="2025-04-25T09:50:49"/>
	<testcase classname="test_transfer_request_tests.TestTransferRequestTest" name="test_transfer_for_today" time="0.011" timestamp="2025-04-25T09:50:49"/>
	<testcase classname="test_transfer_request_tests.TestTransferRequestTest" name="test_transfer_yesterday_test" time="0.007" timestamp="2025-04-25T09:50:49"/>
</testsuite>
